Traceback (most recent call last):
  File "C:\Users\Davidlizcanom2486\miniconda3\envs\ts_venv\lib\site-packages\jupyter_cache\executors\utils.py", line 58, in single_nb_execution
    executenb(
  File "C:\Users\Davidlizcanom2486\miniconda3\envs\ts_venv\lib\site-packages\nbclient\client.py", line 1314, in execute
    return NotebookClient(nb=nb, resources=resources, km=km, **kwargs).execute()
  File "C:\Users\Davidlizcanom2486\miniconda3\envs\ts_venv\lib\site-packages\jupyter_core\utils\__init__.py", line 165, in wrapped
    return loop.run_until_complete(inner)
  File "C:\Users\Davidlizcanom2486\miniconda3\envs\ts_venv\lib\asyncio\base_events.py", line 647, in run_until_complete
    return future.result()
  File "C:\Users\Davidlizcanom2486\miniconda3\envs\ts_venv\lib\site-packages\nbclient\client.py", line 709, in async_execute
    await self.async_execute_cell(
  File "C:\Users\Davidlizcanom2486\miniconda3\envs\ts_venv\lib\site-packages\nbclient\client.py", line 1062, in async_execute_cell
    await self._check_raise_for_error(cell, cell_index, exec_reply)
  File "C:\Users\Davidlizcanom2486\miniconda3\envs\ts_venv\lib\site-packages\nbclient\client.py", line 918, in _check_raise_for_error
    raise CellExecutionError.from_cell_and_msg(cell, exec_reply_content)
nbclient.exceptions.CellExecutionError: An error occurred while executing the following cell:
------------------
# Calcular los residuos del conjunto de prueba
test_data_original_scale = test_data['total_quantity'].values  # Valores reales en escala original
residuos_test = test_data_original_scale - predicted_means  # Residuos

# Prueba de normalidad (Jarque-Bera)
jb_test_stat, jb_p_value = stats.jarque_bera(residuos_test)
print("Test de normalidad (Jarque-Bera):")
print(f"Estadístico: {jb_test_stat}")
print(f"p-valor: {jb_p_value}")

# Prueba de independencia (Ljung-Box)
lb_test_result = acorr_ljungbox(residuos_test, lags=[10], return_df=True)  # Hasta el lag 10
print("\nTest de independencia (Ljung-Box):")
print(lb_test_result)
------------------

----- stdout -----
Test de normalidad (Jarque-Bera):
Estadístico: 44.481086206758256
p-valor: 2.193081925706635e-10
------------------

[1;31m---------------------------------------------------------------------------[0m
[1;31mNameError[0m                                 Traceback (most recent call last)
Cell [1;32mIn[10], line 12[0m
[0;32m      9[0m [38;5;28mprint[39m([38;5;124mf[39m[38;5;124m"[39m[38;5;124mp-valor: [39m[38;5;132;01m{[39;00mjb_p_value[38;5;132;01m}[39;00m[38;5;124m"[39m)
[0;32m     11[0m [38;5;66;03m# Prueba de independencia (Ljung-Box)[39;00m
[1;32m---> 12[0m lb_test_result [38;5;241m=[39m [43macorr_ljungbox[49m(residuos_test, lags[38;5;241m=[39m[[38;5;241m10[39m], return_df[38;5;241m=[39m[38;5;28;01mTrue[39;00m)  [38;5;66;03m# Hasta el lag 10[39;00m
[0;32m     13[0m [38;5;28mprint[39m([38;5;124m"[39m[38;5;130;01m\n[39;00m[38;5;124mTest de independencia (Ljung-Box):[39m[38;5;124m"[39m)
[0;32m     14[0m [38;5;28mprint[39m(lb_test_result)

[1;31mNameError[0m: name 'acorr_ljungbox' is not defined

